2014-12-23 19:55:32.785/2.011 Oracle Coherence 12.1.3.0.0 <Info> (thread=main, member=n/a): Loaded operational configuration from "jar:file:/home/milco/ofm/coherence/lib/coherence.jar!/tangosol-coherence.xml"
2014-12-23 19:55:32.894/2.120 Oracle Coherence 12.1.3.0.0 <Info> (thread=main, member=n/a): Loaded operational overrides from "jar:file:/home/milco/ofm/coherence/lib/coherence.jar!/tangosol-coherence-override-dev.xml"
2014-12-23 19:55:32.896/2.122 Oracle Coherence 12.1.3.0.0 <D5> (thread=main, member=n/a): Optional configuration override "/tangosol-coherence-override.xml" is not specified
2014-12-23 19:55:32.901/2.127 Oracle Coherence 12.1.3.0.0 <D5> (thread=main, member=n/a): Optional configuration override "cache-factory-config.xml" is not specified
2014-12-23 19:55:32.903/2.129 Oracle Coherence 12.1.3.0.0 <D5> (thread=main, member=n/a): Optional configuration override "cache-factory-builder-config.xml" is not specified
2014-12-23 19:55:32.904/2.130 Oracle Coherence 12.1.3.0.0 <D5> (thread=main, member=n/a): Optional configuration override "/custom-mbeans.xml" is not specified

Oracle Coherence Version 12.1.3.0.0 Build 52031
 Grid Edition: Development mode
Copyright (c) 2000, 2014, Oracle and/or its affiliates. All rights reserved.

2014-12-23 19:55:33.088/2.314 Oracle Coherence GE 12.1.3.0.0 <Info> (thread=main, member=n/a): Created cache factory com.tangosol.net.DefaultConfigurableCacheFactory
Dec 23, 2014 7:55:33 PM oracle.adf.share.ADFContext getCurrent
WARNING: Automatically initializing a DefaultContext for getCurrent.
Caller should ensure that a DefaultContext is proper for this use.
Memory leaks and/or unexpected behaviour may occur if the automatic initialization is performed improperly.
This message may be avoided by performing initADFContext before using getCurrent().
For more information please enable logging for oracle.adf.share.ADFContext at FINEST level.
Dec 23, 2014 7:55:33 PM oracle.adf.share.config.ADFConfigFactory findOrCreateADFConfig
INFO: Resource META-INF/adf-config.xml not found on the classpath.
Dec 23, 2014 7:55:33 PM oracle.adf.share.config.ADFConfigFactory findOrCreateADFConfig
INFO: A default implementation of ADFConfig is being created for application. This can lead to unexpected results in some cases. Please add a basic META-INF/adf-config.xml to your classpath to avoid functional errors.
2014-12-23 19:55:33.814/3.040 Oracle Coherence GE 12.1.3.0.0 <Info> (thread=main, member=n/a): Created cache factory com.tangosol.net.DefaultConfigurableCacheFactory
Dec 23, 2014 7:55:34 PM oracle.fabric.common.wsdl.SchemaManager isIncrementalBuildSupported
INFO: XMLSchema incremental build enabled.
